Conversion run started at 2026-05-14 15:37:48
Working directory: /home/gpca/tspredit

================================================================================
[2026-05-14 15:42:20] rmd->docx
file: Rmd/normalization/08-adaptive-normalization-comparison.Rmd
message: [38;5;232mProblem while computing aesthetics.
[36mℹ[38;5;232m Error occurred in the 1st layer.[39m
[1mCaused by error:[22m
[33m![39m object 'value' not found
call: geom_line(linewidth = 0.5)
stack:
001: source("~/tspredit/Rmd/conversor.R")
002: withVisible(eval(ei, envir))
003: eval(ei, envir)
004: eval(ei, envir)
005: run_phase(texs, "rmd->docx", convert_rmd_docx)
006: tryCatch({     converter(input)     list(ok = TRUE, input = input, phase = phase, message = NULL) }, error = function(err) {     record_condition(phase, input, err)     list(ok = FALSE, input = input, phase = phase, message = conditionMessage(err)) })
007: tryCatchList(expr, classes, parentenv, handlers)
008: tryCatchOne(expr, names, parentenv, handlers[[1L]])
009: value[[3L]](cond)
010: record_condition(phase, input, err)
