Conversion run started at 2026-05-19 23:09:03
Working directory: /home/gpca/tspredit
[2026-05-19 23:09:09] phase=rmd->md status=ok duration=5.581s file=Rmd/augment/01-no-augmentation.Rmd
[2026-05-19 23:09:10] phase=rmd->md status=ok duration=1.092s file=Rmd/augment/02-jitter-augmentation.Rmd
[2026-05-19 23:09:11] phase=rmd->md status=ok duration=1.089s file=Rmd/augment/03-flip-augmentation.Rmd
[2026-05-19 23:09:12] phase=rmd->md status=ok duration=1.201s file=Rmd/augment/04-stretch-augmentation.Rmd
[2026-05-19 23:09:13] phase=rmd->md status=ok duration=1.084s file=Rmd/augment/05-shrink-augmentation.Rmd
[2026-05-19 23:09:14] phase=rmd->md status=ok duration=0.956s file=Rmd/augment/06-wormhole-augmentation.Rmd
[2026-05-19 23:09:15] phase=rmd->md status=ok duration=0.786s file=Rmd/augment/07-awareness-augmentation.Rmd
[2026-05-19 23:09:16] phase=rmd->md status=ok duration=0.783s file=Rmd/augment/08-aware-smoothing-augmentation.Rmd
[2026-05-19 23:09:16] phase=rmd->md status=ok duration=0.009s file=Rmd/augment/README.Rmd
[2026-05-19 23:09:16] phase=rmd->md status=ok duration=0.194s file=Rmd/custom/01-custom-prediction.Rmd
[2026-05-19 23:09:16] phase=rmd->md status=ok duration=0.336s file=Rmd/custom/02-custom-filter.Rmd
[2026-05-19 23:09:16] phase=rmd->md status=ok duration=0.181s file=Rmd/custom/03-custom-augmentation.Rmd
[2026-05-19 23:09:17] phase=rmd->md status=ok duration=0.181s file=Rmd/custom/04-custom-normalization.Rmd
[2026-05-19 23:09:17] phase=rmd->md status=ok duration=0.009s file=Rmd/custom/README.Rmd
[2026-05-19 23:09:17] phase=rmd->md status=ok duration=0.283s file=Rmd/datasets/01-tsd.Rmd
[2026-05-19 23:09:18] phase=rmd->md status=ok duration=1.027s file=Rmd/datasets/02-eunite-loads.Rmd
[2026-05-19 23:09:19] phase=rmd->md status=ok duration=0.986s file=Rmd/datasets/03-eunite-reg.Rmd
[2026-05-19 23:09:19] phase=rmd->md status=ok duration=0.503s file=Rmd/datasets/04-eunite-temp.Rmd
[2026-05-19 23:09:20] phase=rmd->md status=ok duration=0.497s file=Rmd/datasets/05-ipeadata-daily.Rmd
[2026-05-19 23:09:20] phase=rmd->md status=ok duration=0.459s file=Rmd/datasets/06-ipeadata-monthly.Rmd
[2026-05-19 23:09:21] phase=rmd->md status=ok duration=0.579s file=Rmd/datasets/07-nn3.Rmd
[2026-05-19 23:09:22] phase=rmd->md status=ok duration=1.050s file=Rmd/datasets/08-nn5.Rmd
[2026-05-19 23:09:22] phase=rmd->md status=ok duration=0.483s file=Rmd/datasets/09-cats.Rmd
[2026-05-19 23:09:23] phase=rmd->md status=ok duration=0.480s file=Rmd/datasets/10-santafe-a.Rmd
[2026-05-19 23:09:23] phase=rmd->md status=ok duration=0.503s file=Rmd/datasets/11-santafe-d.Rmd
[2026-05-19 23:09:24] phase=rmd->md status=ok duration=0.483s file=Rmd/datasets/12-bioenergy.Rmd
[2026-05-19 23:09:24] phase=rmd->md status=ok duration=0.482s file=Rmd/datasets/13-climate.Rmd
[2026-05-19 23:09:25] phase=rmd->md status=ok duration=0.553s file=Rmd/datasets/14-emissions.Rmd
[2026-05-19 23:09:25] phase=rmd->md status=ok duration=0.452s file=Rmd/datasets/15-fertilizers.Rmd
[2026-05-19 23:09:26] phase=rmd->md status=ok duration=0.479s file=Rmd/datasets/16-gdp.Rmd
[2026-05-19 23:09:26] phase=rmd->md status=ok duration=0.461s file=Rmd/datasets/17-m1.Rmd
[2026-05-19 23:09:27] phase=rmd->md status=ok duration=0.484s file=Rmd/datasets/18-m3.Rmd
[2026-05-19 23:09:27] phase=rmd->md status=ok duration=0.494s file=Rmd/datasets/19-m4.Rmd
[2026-05-19 23:09:28] phase=rmd->md status=ok duration=0.502s file=Rmd/datasets/20-pesticides.Rmd
[2026-05-19 23:09:29] phase=rmd->md status=ok duration=0.766s file=Rmd/datasets/21-stocks.Rmd
[2026-05-19 23:09:29] phase=rmd->md status=ok duration=0.009s file=Rmd/datasets/README.Rmd
[2026-05-19 23:09:29] phase=rmd->md status=ok duration=0.519s file=Rmd/filter/01-no-filter.Rmd
[2026-05-19 23:09:30] phase=rmd->md status=ok duration=0.845s file=Rmd/filter/02-moving-average-filter.Rmd
[2026-05-19 23:09:31] phase=rmd->md status=ok duration=0.695s file=Rmd/filter/03-exponential-moving-average-filter.Rmd
[2026-05-19 23:09:31] phase=rmd->md status=ok duration=0.527s file=Rmd/filter/04-smoothing-filter.Rmd
[2026-05-19 23:09:32] phase=rmd->md status=ok duration=0.628s file=Rmd/filter/05-lowess-filter.Rmd
[2026-05-19 23:09:33] phase=rmd->md status=ok duration=0.857s file=Rmd/filter/06-spline-filter.Rmd
[2026-05-19 23:09:33] phase=rmd->md status=ok duration=0.682s file=Rmd/filter/07-winsor-filter.Rmd
[2026-05-19 23:09:34] phase=rmd->md status=ok duration=0.835s file=Rmd/filter/08-qes-filter.Rmd
[2026-05-19 23:09:35] phase=rmd->md status=ok duration=0.737s file=Rmd/filter/09-fft-filter.Rmd
[2026-05-19 23:09:36] phase=rmd->md status=ok duration=0.679s file=Rmd/filter/10-wavelet-filter.Rmd
[2026-05-19 23:09:37] phase=rmd->md status=ok duration=1.255s file=Rmd/filter/11-emd-filter.Rmd
[2026-05-19 23:09:38] phase=rmd->md status=ok duration=0.997s file=Rmd/filter/12-robust-emd-filter.Rmd
[2026-05-19 23:09:39] phase=rmd->md status=ok duration=0.848s file=Rmd/filter/13-hp-filter.Rmd
[2026-05-19 23:09:39] phase=rmd->md status=ok duration=0.697s file=Rmd/filter/14-kalman-filter.Rmd
[2026-05-19 23:09:40] phase=rmd->md status=ok duration=0.740s file=Rmd/filter/15-seasonal-adjustment-filter.Rmd
[2026-05-19 23:09:40] phase=rmd->md status=ok duration=0.010s file=Rmd/filter/README.Rmd
[2026-05-19 23:09:40] phase=rmd->md status=ok duration=0.319s file=Rmd/lagmapping/01-recent-lag-mapping.Rmd
[2026-05-19 23:09:41] phase=rmd->md status=ok duration=0.326s file=Rmd/lagmapping/02-even-lag-mapping.Rmd
[2026-05-19 23:09:41] phase=rmd->md status=ok duration=0.357s file=Rmd/lagmapping/03-geometric-lag-mapping.Rmd
[2026-05-19 23:09:42] phase=rmd->md status=ok duration=0.498s file=Rmd/lagmapping/04-acf-lag-mapping.Rmd
[2026-05-19 23:09:42] phase=rmd->md status=ok duration=0.466s file=Rmd/lagmapping/05-pacf-lag-mapping.Rmd
[2026-05-19 23:09:42] phase=rmd->md status=ok duration=0.358s file=Rmd/lagmapping/06-peaks-lag-mapping.Rmd
[2026-05-19 23:09:43] phase=rmd->md status=ok duration=0.330s file=Rmd/lagmapping/07-seasonal-lag-mapping.Rmd
[2026-05-19 23:09:43] phase=rmd->md status=ok duration=0.357s file=Rmd/lagmapping/08-acf-seasonal-lag-mapping.Rmd
[2026-05-19 23:09:44] phase=rmd->md status=ok duration=0.452s file=Rmd/lagmapping/09-pacf-seasonal-lag-mapping.Rmd
[2026-05-19 23:09:44] phase=rmd->md status=ok duration=0.357s file=Rmd/lagmapping/10-blocks-lag-mapping.Rmd
[2026-05-19 23:09:44] phase=rmd->md status=ok duration=0.326s file=Rmd/lagmapping/11-mi-lag-mapping.Rmd
[2026-05-19 23:09:45] phase=rmd->md status=ok duration=0.611s file=Rmd/lagmapping/12-mrmr-lag-mapping.Rmd
[2026-05-19 23:09:46] phase=rmd->md status=ok duration=1.573s file=Rmd/lagmapping/13-lag-mapping-comparison.Rmd
[2026-05-19 23:09:46] phase=rmd->md status=ok duration=0.009s file=Rmd/lagmapping/README.Rmd
[2026-05-19 23:09:47] phase=rmd->md status=ok duration=0.210s file=Rmd/multivariate/01-build-ts-data-mv.Rmd
[2026-05-19 23:09:47] phase=rmd->md status=ok duration=0.084s file=Rmd/multivariate/02-singular-train-test-split-mv.Rmd
[2026-05-19 23:09:47] phase=rmd->md status=ok duration=0.138s file=Rmd/multivariate/03-linear-regression-mv.Rmd
[2026-05-19 23:09:48] phase=rmd->md status=ok duration=0.859s file=Rmd/multivariate/04-arimax-regression-mv.Rmd
[2026-05-19 23:09:48] phase=rmd->md status=ok duration=0.100s file=Rmd/multivariate/05-vector-autoregression-mv.Rmd
[2026-05-19 23:09:48] phase=rmd->md status=ok duration=0.221s file=Rmd/multivariate/06-materialize-windows-mv.Rmd
[2026-05-19 23:09:48] phase=rmd->md status=ok duration=0.223s file=Rmd/multivariate/07-train-test-split-windowed-mv.Rmd
[2026-05-19 23:09:49] phase=rmd->md status=ok duration=0.575s file=Rmd/multivariate/08-deterministic-auxiliary-models.Rmd
[2026-05-19 23:09:51] phase=rmd->md status=ok duration=1.944s file=Rmd/multivariate/09-target-centered-regression.Rmd
[2026-05-19 23:09:52] phase=rmd->md status=ok duration=1.386s file=Rmd/multivariate/10-stock-close-regression.Rmd
[2026-05-19 23:09:53] phase=rmd->md status=ok duration=0.743s file=Rmd/multivariate/11-stock-close-knn-regression.Rmd
[2026-05-19 23:09:54] phase=rmd->md status=ok duration=0.986s file=Rmd/multivariate/12-stock-close-svm-regression.Rmd
[2026-05-19 23:09:56] phase=rmd->md status=ok duration=1.767s file=Rmd/multivariate/13-stock-close-random-forest-regression.Rmd
[2026-05-19 23:09:57] phase=rmd->md status=ok duration=0.781s file=Rmd/multivariate/14-stock-close-mlp-regression.Rmd
[2026-05-19 23:09:57] phase=rmd->md status=ok duration=0.912s file=Rmd/multivariate/15-stock-close-elm-regression.Rmd
[2026-05-19 23:10:01] phase=rmd->md status=ok duration=3.712s file=Rmd/multivariate/16-stock-close-torch-ts-mlp-regression.Rmd
[2026-05-19 23:10:04] phase=rmd->md status=ok duration=2.922s file=Rmd/multivariate/17-stock-close-conv1d-regression.Rmd
[2026-05-19 23:10:07] phase=rmd->md status=ok duration=3.306s file=Rmd/multivariate/18-stock-close-lstm-regression.Rmd
[2026-05-19 23:10:08] phase=rmd->md status=ok duration=0.628s file=Rmd/multivariate/19-stock-close-linear-regression-mv.Rmd
[2026-05-19 23:10:09] phase=rmd->md status=ok duration=0.891s file=Rmd/multivariate/20-stock-close-arimax-regression-mv.Rmd
[2026-05-19 23:10:10] phase=rmd->md status=ok duration=0.676s file=Rmd/multivariate/21-stock-close-vector-autoregression-mv.Rmd
[2026-05-19 23:10:10] phase=rmd->md status=ok duration=0.010s file=Rmd/multivariate/README.Rmd
[2026-05-19 23:10:10] phase=rmd->md status=ok duration=0.804s file=Rmd/normalization/01-no-normalization.Rmd
[2026-05-19 23:10:11] phase=rmd->md status=ok duration=0.610s file=Rmd/normalization/02-global-minmax-normalization.Rmd
[2026-05-19 23:10:12] phase=rmd->md status=ok duration=1.052s file=Rmd/normalization/03-sliding-window-minmax-normalization.Rmd
[2026-05-19 23:10:13] phase=rmd->md status=ok duration=0.829s file=Rmd/normalization/04-differencing-normalization.Rmd
[2026-05-19 23:10:13] phase=rmd->md status=ok duration=0.513s file=Rmd/normalization/05-adaptive-normalization.Rmd
[2026-05-19 23:10:14] phase=rmd->md status=ok duration=0.608s file=Rmd/normalization/06-adaptive-subtraction-normalization.Rmd
[2026-05-19 23:10:15] phase=rmd->md status=ok duration=1.102s file=Rmd/normalization/07-adaptive-softdivide-normalization.Rmd
[2026-05-19 23:10:16] phase=rmd->md status=ok duration=1.060s file=Rmd/normalization/08-adaptive-asinh-normalization.Rmd
[2026-05-19 23:10:18] phase=rmd->md status=ok duration=1.815s file=Rmd/normalization/09-adaptive-normalization-comparison.Rmd
[2026-05-19 23:10:18] phase=rmd->md status=ok duration=0.011s file=Rmd/normalization/README.Rmd
[2026-05-19 23:10:19] phase=rmd->md status=ok duration=1.166s file=Rmd/prediction/01-arima-baseline.Rmd
[2026-05-19 23:10:20] phase=rmd->md status=ok duration=1.205s file=Rmd/prediction/02-knn-regression.Rmd
[2026-05-19 23:10:21] phase=rmd->md status=ok duration=1.117s file=Rmd/prediction/03-svm-regression.Rmd
[2026-05-19 23:10:22] phase=rmd->md status=ok duration=0.871s file=Rmd/prediction/04-random-forest-regression.Rmd
[2026-05-19 23:10:24] phase=rmd->md status=ok duration=1.191s file=Rmd/prediction/05-mlp-regression.Rmd
[2026-05-19 23:10:24] phase=rmd->md status=ok duration=0.870s file=Rmd/prediction/06-elm-regression.Rmd
[2026-05-19 23:10:26] phase=rmd->md status=ok duration=1.857s file=Rmd/prediction/07-torch-ts-mlp-regression.Rmd
[2026-05-19 23:10:28] phase=rmd->md status=ok duration=1.409s file=Rmd/prediction/08-conv1d-regression.Rmd
[2026-05-19 23:10:31] phase=rmd->md status=ok duration=3.478s file=Rmd/prediction/09-lstm-regression.Rmd
[2026-05-19 23:10:38] phase=rmd->md status=ok duration=7.292s file=Rmd/prediction/10-model-tuning.Rmd
[2026-05-19 23:10:46] phase=rmd->md status=ok duration=7.272s file=Rmd/prediction/11-integrated-tuning.Rmd
[2026-05-19 23:10:46] phase=rmd->md status=ok duration=0.598s file=Rmd/prediction/12-darima-regression.Rmd
[2026-05-19 23:10:47] phase=rmd->md status=ok duration=1.125s file=Rmd/prediction/13-warma-regression.Rmd
[2026-05-19 23:10:47] phase=rmd->md status=ok duration=0.010s file=Rmd/prediction/README.Rmd
[2026-05-19 23:10:47] phase=rmd->md status=ok duration=0.009s file=Rmd/README.Rmd
[2026-05-19 23:10:49] phase=rmd->md status=ok duration=1.153s file=Rmd/tsdata/01-build-ts-data.Rmd
[2026-05-19 23:10:49] phase=rmd->md status=ok duration=0.335s file=Rmd/tsdata/02-project-ts-data.Rmd
[2026-05-19 23:10:49] phase=rmd->md status=ok duration=0.324s file=Rmd/tsdata/03-train-test-split.Rmd
[2026-05-19 23:10:49] phase=rmd->md status=ok duration=0.009s file=Rmd/tsdata/README.Rmd
[2026-05-19 23:10:51] phase=rmd->md status=ok duration=1.684s file=Rmd/tutorial/01-arima-one-step.Rmd
[2026-05-19 23:10:52] phase=rmd->md status=ok duration=1.204s file=Rmd/tutorial/02-arima-rolling-origin.Rmd
[2026-05-19 23:10:53] phase=rmd->md status=ok duration=0.898s file=Rmd/tutorial/03-arima-steps-ahead.Rmd
[2026-05-19 23:10:54] phase=rmd->md status=ok duration=0.895s file=Rmd/tutorial/04-mlp-baseline.Rmd
[2026-05-19 23:10:54] phase=rmd->md status=ok duration=0.461s file=Rmd/tutorial/05-mlp-normalization-comparison.Rmd
[2026-05-19 23:10:56] phase=rmd->md status=ok duration=1.378s file=Rmd/tutorial/06-mlp-with-filter.Rmd
[2026-05-19 23:10:56] phase=rmd->md status=ok duration=0.517s file=Rmd/tutorial/07-mlp-with-augmentation.Rmd
[2026-05-19 23:10:58] phase=rmd->md status=ok duration=1.428s file=Rmd/tutorial/08-mlp-complete-pipeline.Rmd
[2026-05-19 23:10:58] phase=rmd->md status=ok duration=0.456s file=Rmd/tutorial/09-model-comparison.Rmd
[2026-05-19 23:11:00] phase=rmd->md status=ok duration=1.805s file=Rmd/tutorial/10-integrated-tuning.Rmd
[2026-05-19 23:11:00] phase=rmd->md status=ok duration=0.010s file=Rmd/tutorial/README.Rmd
[2026-05-19 23:11:01] phase=rmd->docx status=ok duration=1.400s file=Rmd/augment/01-no-augmentation.Rmd
[2026-05-19 23:11:03] phase=rmd->docx status=ok duration=1.615s file=Rmd/augment/02-jitter-augmentation.Rmd
[2026-05-19 23:11:05] phase=rmd->docx status=ok duration=1.906s file=Rmd/augment/03-flip-augmentation.Rmd
[2026-05-19 23:11:07] phase=rmd->docx status=ok duration=1.624s file=Rmd/augment/04-stretch-augmentation.Rmd
[2026-05-19 23:11:08] phase=rmd->docx status=ok duration=1.896s file=Rmd/augment/05-shrink-augmentation.Rmd
[2026-05-19 23:11:10] phase=rmd->docx status=ok duration=1.613s file=Rmd/augment/06-wormhole-augmentation.Rmd
[2026-05-19 23:11:12] phase=rmd->docx status=ok duration=1.574s file=Rmd/augment/07-awareness-augmentation.Rmd
[2026-05-19 23:11:14] phase=rmd->docx status=ok duration=2.370s file=Rmd/augment/08-aware-smoothing-augmentation.Rmd
[2026-05-19 23:11:14] phase=rmd->docx status=ok duration=0.065s file=Rmd/augment/README.Rmd
[2026-05-19 23:11:15] phase=rmd->docx status=ok duration=0.488s file=Rmd/custom/01-custom-prediction.Rmd
[2026-05-19 23:11:16] phase=rmd->docx status=ok duration=1.245s file=Rmd/custom/02-custom-filter.Rmd
[2026-05-19 23:11:16] phase=rmd->docx status=ok duration=0.466s file=Rmd/custom/03-custom-augmentation.Rmd
[2026-05-19 23:11:17] phase=rmd->docx status=ok duration=0.472s file=Rmd/custom/04-custom-normalization.Rmd
[2026-05-19 23:11:17] phase=rmd->docx status=ok duration=0.062s file=Rmd/custom/README.Rmd
[2026-05-19 23:11:17] phase=rmd->docx status=ok duration=0.633s file=Rmd/datasets/01-tsd.Rmd
[2026-05-19 23:11:18] phase=rmd->docx status=ok duration=1.035s file=Rmd/datasets/02-eunite-loads.Rmd
[2026-05-19 23:11:19] phase=rmd->docx status=ok duration=0.994s file=Rmd/datasets/03-eunite-reg.Rmd
[2026-05-19 23:11:20] phase=rmd->docx status=ok duration=0.435s file=Rmd/datasets/04-eunite-temp.Rmd
[2026-05-19 23:11:21] phase=rmd->docx status=ok duration=0.736s file=Rmd/datasets/05-ipeadata-daily.Rmd
[2026-05-19 23:11:21] phase=rmd->docx status=ok duration=0.728s file=Rmd/datasets/06-ipeadata-monthly.Rmd
[2026-05-19 23:11:22] phase=rmd->docx status=ok duration=0.733s file=Rmd/datasets/07-nn3.Rmd
[2026-05-19 23:11:23] phase=rmd->docx status=ok duration=0.760s file=Rmd/datasets/08-nn5.Rmd
[2026-05-19 23:11:24] phase=rmd->docx status=ok duration=0.725s file=Rmd/datasets/09-cats.Rmd
[2026-05-19 23:11:24] phase=rmd->docx status=ok duration=0.733s file=Rmd/datasets/10-santafe-a.Rmd
[2026-05-19 23:11:25] phase=rmd->docx status=ok duration=0.766s file=Rmd/datasets/11-santafe-d.Rmd
[2026-05-19 23:11:26] phase=rmd->docx status=ok duration=0.726s file=Rmd/datasets/12-bioenergy.Rmd
[2026-05-19 23:11:27] phase=rmd->docx status=ok duration=0.775s file=Rmd/datasets/13-climate.Rmd
[2026-05-19 23:11:28] phase=rmd->docx status=ok duration=1.009s file=Rmd/datasets/14-emissions.Rmd
[2026-05-19 23:11:29] phase=rmd->docx status=ok duration=1.008s file=Rmd/datasets/15-fertilizers.Rmd
[2026-05-19 23:11:30] phase=rmd->docx status=ok duration=0.999s file=Rmd/datasets/16-gdp.Rmd
[2026-05-19 23:11:30] phase=rmd->docx status=ok duration=0.758s file=Rmd/datasets/17-m1.Rmd
[2026-05-19 23:11:31] phase=rmd->docx status=ok duration=0.737s file=Rmd/datasets/18-m3.Rmd
[2026-05-19 23:11:32] phase=rmd->docx status=ok duration=0.778s file=Rmd/datasets/19-m4.Rmd
[2026-05-19 23:11:33] phase=rmd->docx status=ok duration=1.009s file=Rmd/datasets/20-pesticides.Rmd
[2026-05-19 23:11:34] phase=rmd->docx status=ok duration=1.250s file=Rmd/datasets/21-stocks.Rmd
[2026-05-19 23:11:35] phase=rmd->docx status=ok duration=0.368s file=Rmd/datasets/README.Rmd
[2026-05-19 23:11:36] phase=rmd->docx status=ok duration=1.649s file=Rmd/filter/01-no-filter.Rmd
[2026-05-19 23:11:38] phase=rmd->docx status=ok duration=1.719s file=Rmd/filter/02-moving-average-filter.Rmd
[2026-05-19 23:11:39] phase=rmd->docx status=ok duration=1.368s file=Rmd/filter/03-exponential-moving-average-filter.Rmd
[2026-05-19 23:11:41] phase=rmd->docx status=ok duration=1.640s file=Rmd/filter/04-smoothing-filter.Rmd
[2026-05-19 23:11:42] phase=rmd->docx status=ok duration=1.416s file=Rmd/filter/05-lowess-filter.Rmd
[2026-05-19 23:11:44] phase=rmd->docx status=ok duration=1.664s file=Rmd/filter/06-spline-filter.Rmd
[2026-05-19 23:11:46] phase=rmd->docx status=ok duration=1.709s file=Rmd/filter/07-winsor-filter.Rmd
[2026-05-19 23:11:47] phase=rmd->docx status=ok duration=1.424s file=Rmd/filter/08-qes-filter.Rmd
[2026-05-19 23:11:48] phase=rmd->docx status=ok duration=0.842s file=Rmd/filter/09-fft-filter.Rmd
[2026-05-19 23:11:50] phase=rmd->docx status=ok duration=1.647s file=Rmd/filter/10-wavelet-filter.Rmd
[2026-05-19 23:11:51] phase=rmd->docx status=ok duration=1.301s file=Rmd/filter/11-emd-filter.Rmd
[2026-05-19 23:11:53] phase=rmd->docx status=ok duration=2.109s file=Rmd/filter/12-robust-emd-filter.Rmd
[2026-05-19 23:11:54] phase=rmd->docx status=ok duration=1.421s file=Rmd/filter/13-hp-filter.Rmd
[2026-05-19 23:11:56] phase=rmd->docx status=ok duration=1.433s file=Rmd/filter/14-kalman-filter.Rmd
[2026-05-19 23:11:58] phase=rmd->docx status=ok duration=1.708s file=Rmd/filter/15-seasonal-adjustment-filter.Rmd
[2026-05-19 23:11:58] phase=rmd->docx status=ok duration=0.071s file=Rmd/filter/README.Rmd
[2026-05-19 23:11:58] phase=rmd->docx status=ok duration=0.678s file=Rmd/lagmapping/01-recent-lag-mapping.Rmd
[2026-05-19 23:11:59] phase=rmd->docx status=ok duration=1.135s file=Rmd/lagmapping/02-even-lag-mapping.Rmd
[2026-05-19 23:12:01] phase=rmd->docx status=ok duration=1.472s file=Rmd/lagmapping/03-geometric-lag-mapping.Rmd
[2026-05-19 23:12:02] phase=rmd->docx status=ok duration=0.673s file=Rmd/lagmapping/04-acf-lag-mapping.Rmd
[2026-05-19 23:12:03] phase=rmd->docx status=ok duration=1.142s file=Rmd/lagmapping/05-pacf-lag-mapping.Rmd
[2026-05-19 23:12:04] phase=rmd->docx status=ok duration=1.478s file=Rmd/lagmapping/06-peaks-lag-mapping.Rmd
[2026-05-19 23:12:05] phase=rmd->docx status=ok duration=0.676s file=Rmd/lagmapping/07-seasonal-lag-mapping.Rmd
[2026-05-19 23:12:06] phase=rmd->docx status=ok duration=1.130s file=Rmd/lagmapping/08-acf-seasonal-lag-mapping.Rmd
[2026-05-19 23:12:07] phase=rmd->docx status=ok duration=0.877s file=Rmd/lagmapping/09-pacf-seasonal-lag-mapping.Rmd
[2026-05-19 23:12:08] phase=rmd->docx status=ok duration=0.938s file=Rmd/lagmapping/10-blocks-lag-mapping.Rmd
[2026-05-19 23:12:09] phase=rmd->docx status=ok duration=0.887s file=Rmd/lagmapping/11-mi-lag-mapping.Rmd
[2026-05-19 23:12:10] phase=rmd->docx status=ok duration=1.565s file=Rmd/lagmapping/12-mrmr-lag-mapping.Rmd
[2026-05-19 23:12:12] phase=rmd->docx status=ok duration=2.005s file=Rmd/lagmapping/13-lag-mapping-comparison.Rmd
[2026-05-19 23:12:13] phase=rmd->docx status=ok duration=0.425s file=Rmd/lagmapping/README.Rmd
[2026-05-19 23:12:13] phase=rmd->docx status=ok duration=0.534s file=Rmd/multivariate/01-build-ts-data-mv.Rmd
[2026-05-19 23:12:14] phase=rmd->docx status=ok duration=0.485s file=Rmd/multivariate/02-singular-train-test-split-mv.Rmd
[2026-05-19 23:12:14] phase=rmd->docx status=ok duration=0.467s file=Rmd/multivariate/03-linear-regression-mv.Rmd
[2026-05-19 23:12:15] phase=rmd->docx status=ok duration=1.161s file=Rmd/multivariate/04-arimax-regression-mv.Rmd
[2026-05-19 23:12:16] phase=rmd->docx status=ok duration=0.412s file=Rmd/multivariate/05-vector-autoregression-mv.Rmd
[2026-05-19 23:12:16] phase=rmd->docx status=ok duration=0.537s file=Rmd/multivariate/06-materialize-windows-mv.Rmd
[2026-05-19 23:12:17] phase=rmd->docx status=ok duration=0.573s file=Rmd/multivariate/07-train-test-split-windowed-mv.Rmd
[2026-05-19 23:12:18] phase=rmd->docx status=ok duration=0.888s file=Rmd/multivariate/08-deterministic-auxiliary-models.Rmd
[2026-05-19 23:12:21] phase=rmd->docx status=ok duration=2.778s file=Rmd/multivariate/09-target-centered-regression.Rmd
[2026-05-19 23:12:22] phase=rmd->docx status=ok duration=1.868s file=Rmd/multivariate/10-stock-close-regression.Rmd
[2026-05-19 23:12:24] phase=rmd->docx status=ok duration=1.384s file=Rmd/multivariate/11-stock-close-knn-regression.Rmd
[2026-05-19 23:12:25] phase=rmd->docx status=ok duration=1.598s file=Rmd/multivariate/12-stock-close-svm-regression.Rmd
[2026-05-19 23:12:28] phase=rmd->docx status=ok duration=2.264s file=Rmd/multivariate/13-stock-close-random-forest-regression.Rmd
[2026-05-19 23:12:30] phase=rmd->docx status=ok duration=2.225s file=Rmd/multivariate/14-stock-close-mlp-regression.Rmd
[2026-05-19 23:12:31] phase=rmd->docx status=ok duration=1.427s file=Rmd/multivariate/15-stock-close-elm-regression.Rmd
[2026-05-19 23:12:34] phase=rmd->docx status=ok duration=2.567s file=Rmd/multivariate/16-stock-close-torch-ts-mlp-regression.Rmd
[2026-05-19 23:12:37] phase=rmd->docx status=ok duration=3.393s file=Rmd/multivariate/17-stock-close-conv1d-regression.Rmd
[2026-05-19 23:12:41] phase=rmd->docx status=ok duration=3.750s file=Rmd/multivariate/18-stock-close-lstm-regression.Rmd
[2026-05-19 23:12:43] phase=rmd->docx status=ok duration=1.740s file=Rmd/multivariate/19-stock-close-linear-regression-mv.Rmd
[2026-05-19 23:12:45] phase=rmd->docx status=ok duration=1.741s file=Rmd/multivariate/20-stock-close-arimax-regression-mv.Rmd
[2026-05-19 23:12:46] phase=rmd->docx status=ok duration=1.506s file=Rmd/multivariate/21-stock-close-vector-autoregression-mv.Rmd
[2026-05-19 23:12:46] phase=rmd->docx status=ok duration=0.081s file=Rmd/multivariate/README.Rmd
[2026-05-19 23:12:48] phase=rmd->docx status=ok duration=1.414s file=Rmd/normalization/01-no-normalization.Rmd
[2026-05-19 23:12:49] phase=rmd->docx status=ok duration=1.381s file=Rmd/normalization/02-global-minmax-normalization.Rmd
[2026-05-19 23:12:50] phase=rmd->docx status=ok duration=1.432s file=Rmd/normalization/03-sliding-window-minmax-normalization.Rmd
[2026-05-19 23:12:52] phase=rmd->docx status=ok duration=1.643s file=Rmd/normalization/04-differencing-normalization.Rmd
[2026-05-19 23:12:53] phase=rmd->docx status=ok duration=1.397s file=Rmd/normalization/05-adaptive-normalization.Rmd
[2026-05-19 23:12:55] phase=rmd->docx status=ok duration=1.719s file=Rmd/normalization/06-adaptive-subtraction-normalization.Rmd
[2026-05-19 23:12:56] phase=rmd->docx status=ok duration=1.114s file=Rmd/normalization/07-adaptive-softdivide-normalization.Rmd
[2026-05-19 23:12:58] phase=rmd->docx status=ok duration=1.397s file=Rmd/normalization/08-adaptive-asinh-normalization.Rmd
[2026-05-19 23:13:00] phase=rmd->docx status=ok duration=2.326s file=Rmd/normalization/09-adaptive-normalization-comparison.Rmd
[2026-05-19 23:13:00] phase=rmd->docx status=ok duration=0.387s file=Rmd/normalization/README.Rmd
[2026-05-19 23:13:01] phase=rmd->docx status=ok duration=0.951s file=Rmd/prediction/01-arima-baseline.Rmd
[2026-05-19 23:13:04] phase=rmd->docx status=ok duration=2.336s file=Rmd/prediction/02-knn-regression.Rmd
[2026-05-19 23:13:05] phase=rmd->docx status=ok duration=1.558s file=Rmd/prediction/03-svm-regression.Rmd
[2026-05-19 23:13:07] phase=rmd->docx status=ok duration=1.529s file=Rmd/prediction/04-random-forest-regression.Rmd
[2026-05-19 23:13:08] phase=rmd->docx status=ok duration=1.493s file=Rmd/prediction/05-mlp-regression.Rmd
[2026-05-19 23:13:10] phase=rmd->docx status=ok duration=1.499s file=Rmd/prediction/06-elm-regression.Rmd
[2026-05-19 23:13:12] phase=rmd->docx status=ok duration=2.183s file=Rmd/prediction/07-torch-ts-mlp-regression.Rmd
[2026-05-19 23:13:14] phase=rmd->docx status=ok duration=2.003s file=Rmd/prediction/08-conv1d-regression.Rmd
[2026-05-19 23:13:18] phase=rmd->docx status=ok duration=3.728s file=Rmd/prediction/09-lstm-regression.Rmd
[2026-05-19 23:13:25] phase=rmd->docx status=ok duration=7.598s file=Rmd/prediction/10-model-tuning.Rmd
[2026-05-19 23:13:33] phase=rmd->docx status=ok duration=7.808s file=Rmd/prediction/11-integrated-tuning.Rmd
[2026-05-19 23:13:35] phase=rmd->docx status=ok duration=1.792s file=Rmd/prediction/12-darima-regression.Rmd
[2026-05-19 23:13:37] phase=rmd->docx status=ok duration=1.524s file=Rmd/prediction/13-warma-regression.Rmd
[2026-05-19 23:13:37] phase=rmd->docx status=ok duration=0.125s file=Rmd/prediction/README.Rmd
[2026-05-19 23:13:37] phase=rmd->docx status=ok duration=0.067s file=Rmd/README.Rmd
[2026-05-19 23:13:39] phase=rmd->docx status=ok duration=1.821s file=Rmd/tsdata/01-build-ts-data.Rmd
[2026-05-19 23:13:39] phase=rmd->docx status=ok duration=0.625s file=Rmd/tsdata/02-project-ts-data.Rmd
[2026-05-19 23:13:40] phase=rmd->docx status=ok duration=1.002s file=Rmd/tsdata/03-train-test-split.Rmd
[2026-05-19 23:13:40] phase=rmd->docx status=ok duration=0.062s file=Rmd/tsdata/README.Rmd
[2026-05-19 23:13:43] phase=rmd->docx status=ok duration=2.836s file=Rmd/tutorial/01-arima-one-step.Rmd
[2026-05-19 23:13:45] phase=rmd->docx status=ok duration=1.818s file=Rmd/tutorial/02-arima-rolling-origin.Rmd
[2026-05-19 23:13:47] phase=rmd->docx status=ok duration=1.807s file=Rmd/tutorial/03-arima-steps-ahead.Rmd
[2026-05-19 23:13:49] phase=rmd->docx status=ok duration=1.798s file=Rmd/tutorial/04-mlp-baseline.Rmd
[2026-05-19 23:13:49] phase=rmd->docx status=ok duration=0.782s file=Rmd/tutorial/05-mlp-normalization-comparison.Rmd
[2026-05-19 23:13:52] phase=rmd->docx status=ok duration=2.287s file=Rmd/tutorial/06-mlp-with-filter.Rmd
[2026-05-19 23:13:52] phase=rmd->docx status=ok duration=0.802s file=Rmd/tutorial/07-mlp-with-augmentation.Rmd
[2026-05-19 23:13:55] phase=rmd->docx status=ok duration=2.208s file=Rmd/tutorial/08-mlp-complete-pipeline.Rmd
[2026-05-19 23:13:56] phase=rmd->docx status=ok duration=1.057s file=Rmd/tutorial/09-model-comparison.Rmd
[2026-05-19 23:13:58] phase=rmd->docx status=ok duration=2.250s file=Rmd/tutorial/10-integrated-tuning.Rmd
[2026-05-19 23:13:59] phase=rmd->docx status=ok duration=0.662s file=Rmd/tutorial/README.Rmd
[2026-05-19 23:13:59] phase=rmd->r status=ok duration=0.015s file=Rmd/augment/01-no-augmentation.Rmd
[2026-05-19 23:13:59] phase=rmd->r status=ok duration=0.022s file=Rmd/augment/02-jitter-augmentation.Rmd
[2026-05-19 23:13:59] phase=rmd->r status=ok duration=0.071s file=Rmd/augment/03-flip-augmentation.Rmd
[2026-05-19 23:13:59] phase=rmd->r status=ok duration=0.014s file=Rmd/augment/04-stretch-augmentation.Rmd
[2026-05-19 23:13:59] phase=rmd->r status=ok duration=0.013s file=Rmd/augment/05-shrink-augmentation.Rmd
[2026-05-19 23:13:59] phase=rmd->r status=ok duration=0.013s file=Rmd/augment/06-wormhole-augmentation.Rmd
[2026-05-19 23:13:59] phase=rmd->r status=ok duration=0.013s file=Rmd/augment/07-awareness-augmentation.Rmd
[2026-05-19 23:13:59] phase=rmd->r status=ok duration=0.013s file=Rmd/augment/08-aware-smoothing-augmentation.Rmd
[2026-05-19 23:13:59] phase=rmd->r status=ok duration=0.000s file=Rmd/augment/README.Rmd
[2026-05-19 23:13:59] phase=rmd->r status=ok duration=0.013s file=Rmd/custom/01-custom-prediction.Rmd
[2026-05-19 23:13:59] phase=rmd->r status=ok duration=0.013s file=Rmd/custom/02-custom-filter.Rmd
[2026-05-19 23:13:59] phase=rmd->r status=ok duration=0.013s file=Rmd/custom/03-custom-augmentation.Rmd
[2026-05-19 23:13:59] phase=rmd->r status=ok duration=0.012s file=Rmd/custom/04-custom-normalization.Rmd
[2026-05-19 23:13:59] phase=rmd->r status=ok duration=0.000s file=Rmd/custom/README.Rmd
[2026-05-19 23:13:59] phase=rmd->r status=ok duration=0.011s file=Rmd/datasets/01-tsd.Rmd
[2026-05-19 23:13:59] phase=rmd->r status=ok duration=0.011s file=Rmd/datasets/02-eunite-loads.Rmd
[2026-05-19 23:13:59] phase=rmd->r status=ok duration=0.072s file=Rmd/datasets/03-eunite-reg.Rmd
[2026-05-19 23:13:59] phase=rmd->r status=ok duration=0.012s file=Rmd/datasets/04-eunite-temp.Rmd
[2026-05-19 23:13:59] phase=rmd->r status=ok duration=0.011s file=Rmd/datasets/05-ipeadata-daily.Rmd
[2026-05-19 23:13:59] phase=rmd->r status=ok duration=0.011s file=Rmd/datasets/06-ipeadata-monthly.Rmd
[2026-05-19 23:13:59] phase=rmd->r status=ok duration=0.011s file=Rmd/datasets/07-nn3.Rmd
[2026-05-19 23:13:59] phase=rmd->r status=ok duration=0.011s file=Rmd/datasets/08-nn5.Rmd
[2026-05-19 23:13:59] phase=rmd->r status=ok duration=0.011s file=Rmd/datasets/09-cats.Rmd
[2026-05-19 23:13:59] phase=rmd->r status=ok duration=0.011s file=Rmd/datasets/10-santafe-a.Rmd
[2026-05-19 23:13:59] phase=rmd->r status=ok duration=0.011s file=Rmd/datasets/11-santafe-d.Rmd
[2026-05-19 23:13:59] phase=rmd->r status=ok duration=0.011s file=Rmd/datasets/12-bioenergy.Rmd
[2026-05-19 23:13:59] phase=rmd->r status=ok duration=0.011s file=Rmd/datasets/13-climate.Rmd
[2026-05-19 23:13:59] phase=rmd->r status=ok duration=0.011s file=Rmd/datasets/14-emissions.Rmd
[2026-05-19 23:13:59] phase=rmd->r status=ok duration=0.011s file=Rmd/datasets/15-fertilizers.Rmd
[2026-05-19 23:13:59] phase=rmd->r status=ok duration=0.011s file=Rmd/datasets/16-gdp.Rmd
[2026-05-19 23:13:59] phase=rmd->r status=ok duration=0.011s file=Rmd/datasets/17-m1.Rmd
[2026-05-19 23:13:59] phase=rmd->r status=ok duration=0.011s file=Rmd/datasets/18-m3.Rmd
[2026-05-19 23:13:59] phase=rmd->r status=ok duration=0.011s file=Rmd/datasets/19-m4.Rmd
[2026-05-19 23:13:59] phase=rmd->r status=ok duration=0.011s file=Rmd/datasets/20-pesticides.Rmd
[2026-05-19 23:13:59] phase=rmd->r status=ok duration=0.011s file=Rmd/datasets/21-stocks.Rmd
[2026-05-19 23:13:59] phase=rmd->r status=ok duration=0.000s file=Rmd/datasets/README.Rmd
[2026-05-19 23:13:59] phase=rmd->r status=ok duration=0.012s file=Rmd/filter/01-no-filter.Rmd
[2026-05-19 23:13:59] phase=rmd->r status=ok duration=0.072s file=Rmd/filter/02-moving-average-filter.Rmd
[2026-05-19 23:13:59] phase=rmd->r status=ok duration=0.012s file=Rmd/filter/03-exponential-moving-average-filter.Rmd
[2026-05-19 23:13:59] phase=rmd->r status=ok duration=0.013s file=Rmd/filter/04-smoothing-filter.Rmd
[2026-05-19 23:13:59] phase=rmd->r status=ok duration=0.012s file=Rmd/filter/05-lowess-filter.Rmd
[2026-05-19 23:13:59] phase=rmd->r status=ok duration=0.011s file=Rmd/filter/06-spline-filter.Rmd
[2026-05-19 23:13:59] phase=rmd->r status=ok duration=0.012s file=Rmd/filter/07-winsor-filter.Rmd
[2026-05-19 23:13:59] phase=rmd->r status=ok duration=0.012s file=Rmd/filter/08-qes-filter.Rmd
[2026-05-19 23:13:59] phase=rmd->r status=ok duration=0.011s file=Rmd/filter/09-fft-filter.Rmd
[2026-05-19 23:13:59] phase=rmd->r status=ok duration=0.012s file=Rmd/filter/10-wavelet-filter.Rmd
[2026-05-19 23:13:59] phase=rmd->r status=ok duration=0.012s file=Rmd/filter/11-emd-filter.Rmd
[2026-05-19 23:13:59] phase=rmd->r status=ok duration=0.012s file=Rmd/filter/12-robust-emd-filter.Rmd
[2026-05-19 23:13:59] phase=rmd->r status=ok duration=0.012s file=Rmd/filter/13-hp-filter.Rmd
[2026-05-19 23:13:59] phase=rmd->r status=ok duration=0.012s file=Rmd/filter/14-kalman-filter.Rmd
[2026-05-19 23:13:59] phase=rmd->r status=ok duration=0.012s file=Rmd/filter/15-seasonal-adjustment-filter.Rmd
[2026-05-19 23:13:59] phase=rmd->r status=ok duration=0.000s file=Rmd/filter/README.Rmd
[2026-05-19 23:13:59] phase=rmd->r status=ok duration=0.012s file=Rmd/lagmapping/01-recent-lag-mapping.Rmd
[2026-05-19 23:13:59] phase=rmd->r status=ok duration=0.012s file=Rmd/lagmapping/02-even-lag-mapping.Rmd
[2026-05-19 23:13:59] phase=rmd->r status=ok duration=0.012s file=Rmd/lagmapping/03-geometric-lag-mapping.Rmd
[2026-05-19 23:13:59] phase=rmd->r status=ok duration=0.075s file=Rmd/lagmapping/04-acf-lag-mapping.Rmd
[2026-05-19 23:13:59] phase=rmd->r status=ok duration=0.013s file=Rmd/lagmapping/05-pacf-lag-mapping.Rmd
[2026-05-19 23:14:00] phase=rmd->r status=ok duration=0.012s file=Rmd/lagmapping/06-peaks-lag-mapping.Rmd
[2026-05-19 23:14:00] phase=rmd->r status=ok duration=0.012s file=Rmd/lagmapping/07-seasonal-lag-mapping.Rmd
[2026-05-19 23:14:00] phase=rmd->r status=ok duration=0.012s file=Rmd/lagmapping/08-acf-seasonal-lag-mapping.Rmd
[2026-05-19 23:14:00] phase=rmd->r status=ok duration=0.012s file=Rmd/lagmapping/09-pacf-seasonal-lag-mapping.Rmd
[2026-05-19 23:14:00] phase=rmd->r status=ok duration=0.012s file=Rmd/lagmapping/10-blocks-lag-mapping.Rmd
[2026-05-19 23:14:00] phase=rmd->r status=ok duration=0.012s file=Rmd/lagmapping/11-mi-lag-mapping.Rmd
[2026-05-19 23:14:00] phase=rmd->r status=ok duration=0.012s file=Rmd/lagmapping/12-mrmr-lag-mapping.Rmd
[2026-05-19 23:14:00] phase=rmd->r status=ok duration=0.012s file=Rmd/lagmapping/13-lag-mapping-comparison.Rmd
[2026-05-19 23:14:00] phase=rmd->r status=ok duration=0.000s file=Rmd/lagmapping/README.Rmd
[2026-05-19 23:14:00] phase=rmd->r status=ok duration=0.012s file=Rmd/multivariate/01-build-ts-data-mv.Rmd
[2026-05-19 23:14:00] phase=rmd->r status=ok duration=0.012s file=Rmd/multivariate/02-singular-train-test-split-mv.Rmd
[2026-05-19 23:14:00] phase=rmd->r status=ok duration=0.093s file=Rmd/multivariate/03-linear-regression-mv.Rmd
[2026-05-19 23:14:00] phase=rmd->r status=ok duration=0.017s file=Rmd/multivariate/04-arimax-regression-mv.Rmd
[2026-05-19 23:14:00] phase=rmd->r status=ok duration=0.015s file=Rmd/multivariate/05-vector-autoregression-mv.Rmd
[2026-05-19 23:14:00] phase=rmd->r status=ok duration=0.015s file=Rmd/multivariate/06-materialize-windows-mv.Rmd
[2026-05-19 23:14:00] phase=rmd->r status=ok duration=0.012s file=Rmd/multivariate/07-train-test-split-windowed-mv.Rmd
[2026-05-19 23:14:00] phase=rmd->r status=ok duration=0.016s file=Rmd/multivariate/08-deterministic-auxiliary-models.Rmd
[2026-05-19 23:14:00] phase=rmd->r status=ok duration=0.018s file=Rmd/multivariate/09-target-centered-regression.Rmd
[2026-05-19 23:14:00] phase=rmd->r status=ok duration=0.018s file=Rmd/multivariate/10-stock-close-regression.Rmd
[2026-05-19 23:14:00] phase=rmd->r status=ok duration=0.015s file=Rmd/multivariate/11-stock-close-knn-regression.Rmd
[2026-05-19 23:14:00] phase=rmd->r status=ok duration=0.014s file=Rmd/multivariate/12-stock-close-svm-regression.Rmd
[2026-05-19 23:14:00] phase=rmd->r status=ok duration=0.015s file=Rmd/multivariate/13-stock-close-random-forest-regression.Rmd
[2026-05-19 23:14:00] phase=rmd->r status=ok duration=0.015s file=Rmd/multivariate/14-stock-close-mlp-regression.Rmd
[2026-05-19 23:14:00] phase=rmd->r status=ok duration=0.077s file=Rmd/multivariate/15-stock-close-elm-regression.Rmd
[2026-05-19 23:14:00] phase=rmd->r status=ok duration=0.016s file=Rmd/multivariate/16-stock-close-torch-ts-mlp-regression.Rmd
[2026-05-19 23:14:00] phase=rmd->r status=ok duration=0.015s file=Rmd/multivariate/17-stock-close-conv1d-regression.Rmd
[2026-05-19 23:14:00] phase=rmd->r status=ok duration=0.015s file=Rmd/multivariate/18-stock-close-lstm-regression.Rmd
[2026-05-19 23:14:00] phase=rmd->r status=ok duration=0.015s file=Rmd/multivariate/19-stock-close-linear-regression-mv.Rmd
[2026-05-19 23:14:00] phase=rmd->r status=ok duration=0.015s file=Rmd/multivariate/20-stock-close-arimax-regression-mv.Rmd
[2026-05-19 23:14:00] phase=rmd->r status=ok duration=0.015s file=Rmd/multivariate/21-stock-close-vector-autoregression-mv.Rmd
[2026-05-19 23:14:00] phase=rmd->r status=ok duration=0.000s file=Rmd/multivariate/README.Rmd
[2026-05-19 23:14:00] phase=rmd->r status=ok duration=0.012s file=Rmd/normalization/01-no-normalization.Rmd
[2026-05-19 23:14:00] phase=rmd->r status=ok duration=0.012s file=Rmd/normalization/02-global-minmax-normalization.Rmd
[2026-05-19 23:14:00] phase=rmd->r status=ok duration=0.013s file=Rmd/normalization/03-sliding-window-minmax-normalization.Rmd
[2026-05-19 23:14:00] phase=rmd->r status=ok duration=0.013s file=Rmd/normalization/04-differencing-normalization.Rmd
[2026-05-19 23:14:00] phase=rmd->r status=ok duration=0.077s file=Rmd/normalization/05-adaptive-normalization.Rmd
[2026-05-19 23:14:00] phase=rmd->r status=ok duration=0.014s file=Rmd/normalization/06-adaptive-subtraction-normalization.Rmd
[2026-05-19 23:14:00] phase=rmd->r status=ok duration=0.013s file=Rmd/normalization/07-adaptive-softdivide-normalization.Rmd
[2026-05-19 23:14:00] phase=rmd->r status=ok duration=0.012s file=Rmd/normalization/08-adaptive-asinh-normalization.Rmd
[2026-05-19 23:14:00] phase=rmd->r status=ok duration=0.014s file=Rmd/normalization/09-adaptive-normalization-comparison.Rmd
[2026-05-19 23:14:00] phase=rmd->r status=ok duration=0.000s file=Rmd/normalization/README.Rmd
[2026-05-19 23:14:00] phase=rmd->r status=ok duration=0.014s file=Rmd/prediction/01-arima-baseline.Rmd
[2026-05-19 23:14:00] phase=rmd->r status=ok duration=0.016s file=Rmd/prediction/02-knn-regression.Rmd
[2026-05-19 23:14:00] phase=rmd->r status=ok duration=0.016s file=Rmd/prediction/03-svm-regression.Rmd
[2026-05-19 23:14:00] phase=rmd->r status=ok duration=0.016s file=Rmd/prediction/04-random-forest-regression.Rmd
[2026-05-19 23:14:00] phase=rmd->r status=ok duration=0.016s file=Rmd/prediction/05-mlp-regression.Rmd
[2026-05-19 23:14:00] phase=rmd->r status=ok duration=0.015s file=Rmd/prediction/06-elm-regression.Rmd
[2026-05-19 23:14:00] phase=rmd->r status=ok duration=0.015s file=Rmd/prediction/07-torch-ts-mlp-regression.Rmd
[2026-05-19 23:14:00] phase=rmd->r status=ok duration=0.015s file=Rmd/prediction/08-conv1d-regression.Rmd
[2026-05-19 23:14:00] phase=rmd->r status=ok duration=0.016s file=Rmd/prediction/09-lstm-regression.Rmd
[2026-05-19 23:14:00] phase=rmd->r status=ok duration=0.082s file=Rmd/prediction/10-model-tuning.Rmd
[2026-05-19 23:14:00] phase=rmd->r status=ok duration=0.018s file=Rmd/prediction/11-integrated-tuning.Rmd
[2026-05-19 23:14:00] phase=rmd->r status=ok duration=0.015s file=Rmd/prediction/12-darima-regression.Rmd
[2026-05-19 23:14:01] phase=rmd->r status=ok duration=0.016s file=Rmd/prediction/13-warma-regression.Rmd
[2026-05-19 23:14:01] phase=rmd->r status=ok duration=0.000s file=Rmd/prediction/README.Rmd
[2026-05-19 23:14:01] phase=rmd->r status=ok duration=0.000s file=Rmd/README.Rmd
[2026-05-19 23:14:01] phase=rmd->r status=ok duration=0.017s file=Rmd/tsdata/01-build-ts-data.Rmd
[2026-05-19 23:14:01] phase=rmd->r status=ok duration=0.013s file=Rmd/tsdata/02-project-ts-data.Rmd
[2026-05-19 23:14:01] phase=rmd->r status=ok duration=0.013s file=Rmd/tsdata/03-train-test-split.Rmd
[2026-05-19 23:14:01] phase=rmd->r status=ok duration=0.000s file=Rmd/tsdata/README.Rmd
[2026-05-19 23:14:01] phase=rmd->r status=ok duration=0.014s file=Rmd/tutorial/01-arima-one-step.Rmd
[2026-05-19 23:14:01] phase=rmd->r status=ok duration=0.014s file=Rmd/tutorial/02-arima-rolling-origin.Rmd
[2026-05-19 23:14:01] phase=rmd->r status=ok duration=0.014s file=Rmd/tutorial/03-arima-steps-ahead.Rmd
[2026-05-19 23:14:01] phase=rmd->r status=ok duration=0.015s file=Rmd/tutorial/04-mlp-baseline.Rmd
[2026-05-19 23:14:01] phase=rmd->r status=ok duration=0.014s file=Rmd/tutorial/05-mlp-normalization-comparison.Rmd
[2026-05-19 23:14:01] phase=rmd->r status=ok duration=0.014s file=Rmd/tutorial/06-mlp-with-filter.Rmd
[2026-05-19 23:14:01] phase=rmd->r status=ok duration=0.078s file=Rmd/tutorial/07-mlp-with-augmentation.Rmd
[2026-05-19 23:14:01] phase=rmd->r status=ok duration=0.017s file=Rmd/tutorial/08-mlp-complete-pipeline.Rmd
[2026-05-19 23:14:01] phase=rmd->r status=ok duration=0.016s file=Rmd/tutorial/09-model-comparison.Rmd
[2026-05-19 23:14:01] phase=rmd->r status=ok duration=0.015s file=Rmd/tutorial/10-integrated-tuning.Rmd
[2026-05-19 23:14:01] phase=rmd->r status=ok duration=0.000s file=Rmd/tutorial/README.Rmd
Total measured duration: 297.313s
