Conversion run started at 2026-05-19 07:50:44
Working directory: C:/Git/cefet-rj-dal/tspredit

================================================================================
[2026-05-19 09:00:09] rmd->docx
file: Rmd/multivariate/04-arimax-regression-mv.Rmd
message: xreg should be a numeric matrix or a numeric vector
call: forecast.forecast_ARIMA(object$model, h = steps_ahead, xreg = as.matrix(future_x))
stack:
001: source("C:/Git/cefet-rj-dal/tspredit/Rmd/conversor.R")
002: withVisible(eval(ei, envir))
003: eval(ei, envir)
004: eval(ei, envir)
005: run_phase(texs, "rmd->docx", convert_rmd_docx)
006: tryCatch({     converter(input)     list(ok = TRUE, input = input, phase = phase, message = NULL) }, error = function(err) {     record_condition(phase, input, err)     list(ok = FALSE, input = input, phase = phase, message = conditionMessage(err)) })
007: tryCatchList(expr, classes, parentenv, handlers)
008: tryCatchOne(expr, names, parentenv, handlers[[1L]])
009: value[[3L]](cond)
010: record_condition(phase, input, err)

================================================================================
[2026-05-19 09:16:47] rmd->docx
file: Rmd/multivariate/19-stock-close-arimax-regression-mv.Rmd
message: xreg should be a numeric matrix or a numeric vector
call: forecast.forecast_ARIMA(object$model, h = steps_ahead, xreg = as.matrix(future_x))
stack:
001: source("C:/Git/cefet-rj-dal/tspredit/Rmd/conversor.R")
002: withVisible(eval(ei, envir))
003: eval(ei, envir)
004: eval(ei, envir)
005: run_phase(texs, "rmd->docx", convert_rmd_docx)
006: tryCatch({     converter(input)     list(ok = TRUE, input = input, phase = phase, message = NULL) }, error = function(err) {     record_condition(phase, input, err)     list(ok = FALSE, input = input, phase = phase, message = conditionMessage(err)) })
007: tryCatchList(expr, classes, parentenv, handlers)
008: tryCatchOne(expr, names, parentenv, handlers[[1L]])
009: value[[3L]](cond)
010: record_condition(phase, input, err)
